[2020-01-29 13:40:05] Текст ошибки:
         Нет соединения с БД | Файл: E:\OSPanel\domains\OnlineStore\vendor\ostore\core\Db.php | Строка: 18
==================
 [2020-01-29 17:30:26] Текст ошибки:
         Страница не найдена | Файл: E:\OSPanel\domains\OnlineStore\vendor\ostore\core\Router.php | Строка: 43
==================
 [2020-01-29 17:30:26] Текст ошибки:
         Страница не найдена | Файл: E:\OSPanel\domains\OnlineStore\vendor\ostore\core\Router.php | Строка: 43
==================
 [2020-01-29 17:30:26] Текст ошибки:
         Страница не найдена | Файл: E:\OSPanel\domains\OnlineStore\vendor\ostore\core\Router.php | Строка: 43
==================
 [2020-01-29 17:30:26] Текст ошибки:
         Страница не найдена | Файл: E:\OSPanel\domains\OnlineStore\vendor\ostore\core\Router.php | Строка: 43
==================
 [2020-01-29 17:30:26] Текст ошибки:
         Страница не найдена | Файл: E:\OSPanel\domains\OnlineStore\vendor\ostore\core\Router.php | Строка: 43
==================
 [2020-01-29 17:30:26] Текст ошибки:
         Страница не найдена | Файл: E:\OSPanel\domains\OnlineStore\vendor\ostore\core\Router.php | Строка: 43
==================
 [2020-01-29 17:30:26] Текст ошибки:
         Страница не найдена | Файл: E:\OSPanel\domains\OnlineStore\vendor\ostore\core\Router.php | Строка: 43
==================
 [2020-01-29 17:30:26] Текст ошибки:
         Страница не найдена | Файл: E:\OSPanel\domains\OnlineStore\vendor\ostore\core\Router.php | Строка: 43
==================
 [2020-01-29 17:30:26] Текст ошибки:
         Страница не найдена | Файл: E:\OSPanel\domains\OnlineStore\vendor\ostore\core\Router.php | Строка: 43
==================
 [2020-01-29 17:30:26] Текст ошибки:
         Страница не найдена | Файл: E:\OSPanel\domains\OnlineStore\vendor\ostore\core\Router.php | Строка: 43
==================
 [2020-01-29 17:30:26] Текст ошибки:
         Страница не найдена | Файл: E:\OSPanel\domains\OnlineStore\vendor\ostore\core\Router.php | Строка: 43
==================
 [2020-01-29 17:30:26] Текст ошибки:
         Страница не найдена | Файл: E:\OSPanel\domains\OnlineStore\vendor\ostore\core\Router.php | Строка: 43
==================
 [2020-01-29 17:30:26] Текст ошибки:
         Страница не найдена | Файл: E:\OSPanel\domains\OnlineStore\vendor\ostore\core\Router.php | Строка: 43
==================
 [2020-01-29 17:30:26] Текст ошибки:
         Страница не найдена | Файл: E:\OSPanel\domains\OnlineStore\vendor\ostore\core\Router.php | Строка: 43
==================
 [2020-01-29 17:30:26] Текст ошибки:
         Страница не найдена | Файл: E:\OSPanel\domains\OnlineStore\vendor\ostore\core\Router.php | Строка: 43
==================
 [2020-01-29 17:30:26] Текст ошибки:
         Страница не найдена | Файл: E:\OSPanel\domains\OnlineStore\vendor\ostore\core\Router.php | Строка: 43
==================
 [2020-01-29 17:30:26] Текст ошибки:
         Страница не найдена | Файл: E:\OSPanel\domains\OnlineStore\vendor\ostore\core\Router.php | Строка: 43
==================
 [2020-01-29 17:30:26] Текст ошибки:
         Страница не найдена | Файл: E:\OSPanel\domains\OnlineStore\vendor\ostore\core\Router.php | Строка: 43
==================
 [2020-01-29 17:30:26] Текст ошибки:
         Страница не найдена | Файл: E:\OSPanel\domains\OnlineStore\vendor\ostore\core\Router.php | Строка: 43
==================
 [2020-01-29 17:30:26] Текст ошибки:
         Страница не найдена | Файл: E:\OSPanel\domains\OnlineStore\vendor\ostore\core\Router.php | Строка: 43
==================
 [2020-01-29 17:30:26] Текст ошибки:
         Страница не найдена | Файл: E:\OSPanel\domains\OnlineStore\vendor\ostore\core\Router.php | Строка: 43
==================
 [2020-01-29 17:30:26] Текст ошибки:
         Страница не найдена | Файл: E:\OSPanel\domains\OnlineStore\vendor\ostore\core\Router.php | Строка: 43
==================
 [2020-01-29 17:30:26] Текст ошибки:
         Страница не найдена | Файл: E:\OSPanel\domains\OnlineStore\vendor\ostore\core\Router.php | Строка: 43
==================
 [2020-01-29 17:30:26] Текст ошибки:
         Страница не найдена | Файл: E:\OSPanel\domains\OnlineStore\vendor\ostore\core\Router.php | Строка: 43
==================
 [2020-01-29 17:30:26] Текст ошибки:
         Страница не найдена | Файл: E:\OSPanel\domains\OnlineStore\vendor\ostore\core\Router.php | Строка: 43
==================
 [2020-01-29 17:30:26] Текст ошибки:
         Страница не найдена | Файл: E:\OSPanel\domains\OnlineStore\vendor\ostore\core\Router.php | Строка: 43
==================
 [2020-01-29 17:30:26] Текст ошибки:
         Страница не найдена | Файл: E:\OSPanel\domains\OnlineStore\vendor\ostore\core\Router.php | Строка: 43
==================
 [2020-01-29 17:30:27] Текст ошибки:
         Страница не найдена | Файл: E:\OSPanel\domains\OnlineStore\vendor\ostore\core\Router.php | Строка: 43
==================
 [2020-01-29 17:30:29] Текст ошибки:
         Страница не найдена | Файл: E:\OSPanel\domains\OnlineStore\vendor\ostore\core\Router.php | Строка: 43
==================
 [2020-01-29 17:30:29] Текст ошибки:
         Страница не найдена | Файл: E:\OSPanel\domains\OnlineStore\vendor\ostore\core\Router.php | Строка: 43
==================
 [2020-01-29 17:30:29] Текст ошибки:
         Страница не найдена | Файл: E:\OSPanel\domains\OnlineStore\vendor\ostore\core\Router.php | Строка: 43
==================
 [2020-01-29 17:30:29] Текст ошибки:
         Страница не найдена | Файл: E:\OSPanel\domains\OnlineStore\vendor\ostore\core\Router.php | Строка: 43
==================
 [2020-01-29 17:30:29] Текст ошибки:
         Страница не найдена | Файл: E:\OSPanel\domains\OnlineStore\vendor\ostore\core\Router.php | Строка: 43
==================
 [2020-01-29 17:30:29] Текст ошибки:
         Страница не найдена | Файл: E:\OSPanel\domains\OnlineStore\vendor\ostore\core\Router.php | Строка: 43
==================
 [2020-01-29 17:30:29] Текст ошибки:
         Страница не найдена | Файл: E:\OSPanel\domains\OnlineStore\vendor\ostore\core\Router.php | Строка: 43
==================
 [2020-01-29 17:30:29] Текст ошибки:
         Страница не найдена | Файл: E:\OSPanel\domains\OnlineStore\vendor\ostore\core\Router.php | Строка: 43
==================
 [2020-01-29 17:30:29] Текст ошибки:
         Страница не найдена | Файл: E:\OSPanel\domains\OnlineStore\vendor\ostore\core\Router.php | Строка: 43
==================
 [2020-01-29 17:30:29] Текст ошибки:
         Страница не найдена | Файл: E:\OSPanel\domains\OnlineStore\vendor\ostore\core\Router.php | Строка: 43
==================
 [2020-01-29 17:30:29] Текст ошибки:
         Страница не найдена | Файл: E:\OSPanel\domains\OnlineStore\vendor\ostore\core\Router.php | Строка: 43
==================
 [2020-01-29 17:30:29] Текст ошибки:
         Страница не найдена | Файл: E:\OSPanel\domains\OnlineStore\vendor\ostore\core\Router.php | Строка: 43
==================
 [2020-01-29 17:30:29] Текст ошибки:
         Страница не найдена | Файл: E:\OSPanel\domains\OnlineStore\vendor\ostore\core\Router.php | Строка: 43
==================
 [2020-01-29 17:30:29] Текст ошибки:
         Страница не найдена | Файл: E:\OSPanel\domains\OnlineStore\vendor\ostore\core\Router.php | Строка: 43
==================
 [2020-01-29 17:30:29] Текст ошибки:
         Страница не найдена | Файл: E:\OSPanel\domains\OnlineStore\vendor\ostore\core\Router.php | Строка: 43
==================
 [2020-01-29 17:30:29] Текст ошибки:
         Страница не найдена | Файл: E:\OSPanel\domains\OnlineStore\vendor\ostore\core\Router.php | Строка: 43
==================
 [2020-01-29 17:30:29] Текст ошибки:
         Страница не найдена | Файл: E:\OSPanel\domains\OnlineStore\vendor\ostore\core\Router.php | Строка: 43
==================
 [2020-01-29 17:30:29] Текст ошибки:
         Страница не найдена | Файл: E:\OSPanel\domains\OnlineStore\vendor\ostore\core\Router.php | Строка: 43
==================
 [2020-01-29 17:30:29] Текст ошибки:
         Страница не найдена | Файл: E:\OSPanel\domains\OnlineStore\vendor\ostore\core\Router.php | Строка: 43
==================
 [2020-01-29 17:30:29] Текст ошибки:
         Страница не найдена | Файл: E:\OSPanel\domains\OnlineStore\vendor\ostore\core\Router.php | Строка: 43
==================
 [2020-01-29 17:30:29] Текст ошибки:
         Страница не найдена | Файл: E:\OSPanel\domains\OnlineStore\vendor\ostore\core\Router.php | Строка: 43
==================
 [2020-01-29 17:30:29] Текст ошибки:
         Страница не найдена | Файл: E:\OSPanel\domains\OnlineStore\vendor\ostore\core\Router.php | Строка: 43
==================
 [2020-01-29 17:30:29] Текст ошибки:
         Страница не найдена | Файл: E:\OSPanel\domains\OnlineStore\vendor\ostore\core\Router.php | Строка: 43
==================
 [2020-01-29 17:30:29] Текст ошибки:
         Страница не найдена | Файл: E:\OSPanel\domains\OnlineStore\vendor\ostore\core\Router.php | Строка: 43
==================
 [2020-01-29 17:30:29] Текст ошибки:
         Страница не найдена | Файл: E:\OSPanel\domains\OnlineStore\vendor\ostore\core\Router.php | Строка: 43
==================
 [2020-01-29 17:30:29] Текст ошибки:
         Страница не найдена | Файл: E:\OSPanel\domains\OnlineStore\vendor\ostore\core\Router.php | Строка: 43
==================
 [2020-01-29 17:30:29] Текст ошибки:
         Страница не найдена | Файл: E:\OSPanel\domains\OnlineStore\vendor\ostore\core\Router.php | Строка: 43
==================
 [2020-01-29 17:30:29] Текст ошибки:
         Страница не найдена | Файл: E:\OSPanel\domains\OnlineStore\vendor\ostore\core\Router.php | Строка: 43
==================
 [2020-01-29 17:30:29] Текст ошибки:
         Страница не найдена | Файл: E:\OSPanel\domains\OnlineStore\vendor\ostore\core\Router.php | Строка: 43
==================
 [2020-01-29 17:30:29] Текст ошибки:
         Страница не найдена | Файл: E:\OSPanel\domains\OnlineStore\vendor\ostore\core\Router.php | Строка: 43
==================
 [2020-01-29 17:31:07] Текст ошибки:
         Страница не найдена | Файл: E:\OSPanel\domains\OnlineStore\vendor\ostore\core\Router.php | Строка: 43
==================
 [2020-01-29 17:31:07] Текст ошибки:
         Страница не найдена | Файл: E:\OSPanel\domains\OnlineStore\vendor\ostore\core\Router.php | Строка: 43
==================
 [2020-01-29 17:31:07] Текст ошибки:
         Страница не найдена | Файл: E:\OSPanel\domains\OnlineStore\vendor\ostore\core\Router.php | Строка: 43
==================
 [2020-01-29 17:31:07] Текст ошибки:
         Страница не найдена | Файл: E:\OSPanel\domains\OnlineStore\vendor\ostore\core\Router.php | Строка: 43
==================
 [2020-01-29 17:31:07] Текст ошибки:
         Страница не найдена | Файл: E:\OSPanel\domains\OnlineStore\vendor\ostore\core\Router.php | Строка: 43
==================
 [2020-01-29 17:31:07] Текст ошибки:
         Страница не найдена | Файл: E:\OSPanel\domains\OnlineStore\vendor\ostore\core\Router.php | Строка: 43
==================
 [2020-01-29 17:31:07] Текст ошибки:
         Страница не найдена | Файл: E:\OSPanel\domains\OnlineStore\vendor\ostore\core\Router.php | Строка: 43
==================
 [2020-01-29 17:31:07] Текст ошибки:
         Страница не найдена | Файл: E:\OSPanel\domains\OnlineStore\vendor\ostore\core\Router.php | Строка: 43
==================
 [2020-01-29 17:31:07] Текст ошибки:
         Страница не найдена | Файл: E:\OSPanel\domains\OnlineStore\vendor\ostore\core\Router.php | Строка: 43
==================
 [2020-01-29 17:31:07] Текст ошибки:
         Страница не найдена | Файл: E:\OSPanel\domains\OnlineStore\vendor\ostore\core\Router.php | Строка: 43
==================
 [2020-01-29 17:31:07] Текст ошибки:
         Страница не найдена | Файл: E:\OSPanel\domains\OnlineStore\vendor\ostore\core\Router.php | Строка: 43
==================
 [2020-01-29 17:31:07] Текст ошибки:
         Страница не найдена | Файл: E:\OSPanel\domains\OnlineStore\vendor\ostore\core\Router.php | Строка: 43
==================
 [2020-01-29 17:31:07] Текст ошибки:
         Страница не найдена | Файл: E:\OSPanel\domains\OnlineStore\vendor\ostore\core\Router.php | Строка: 43
==================
 [2020-01-29 17:31:07] Текст ошибки:
         Страница не найдена | Файл: E:\OSPanel\domains\OnlineStore\vendor\ostore\core\Router.php | Строка: 43
==================
 [2020-01-29 17:31:07] Текст ошибки:
         Страница не найдена | Файл: E:\OSPanel\domains\OnlineStore\vendor\ostore\core\Router.php | Строка: 43
==================
 [2020-01-29 17:31:07] Текст ошибки:
         Страница не найдена | Файл: E:\OSPanel\domains\OnlineStore\vendor\ostore\core\Router.php | Строка: 43
==================
 [2020-01-29 17:31:07] Текст ошибки:
         Страница не найдена | Файл: E:\OSPanel\domains\OnlineStore\vendor\ostore\core\Router.php | Строка: 43
==================
 [2020-01-29 17:31:07] Текст ошибки:
         Страница не найдена | Файл: E:\OSPanel\domains\OnlineStore\vendor\ostore\core\Router.php | Строка: 43
==================
 [2020-01-29 17:31:07] Текст ошибки:
         Страница не найдена | Файл: E:\OSPanel\domains\OnlineStore\vendor\ostore\core\Router.php | Строка: 43
==================
 [2020-01-29 17:31:07] Текст ошибки:
         Страница не найдена | Файл: E:\OSPanel\domains\OnlineStore\vendor\ostore\core\Router.php | Строка: 43
==================
 [2020-01-29 17:31:07] Текст ошибки:
         Страница не найдена | Файл: E:\OSPanel\domains\OnlineStore\vendor\ostore\core\Router.php | Строка: 43
==================
 [2020-01-29 17:31:07] Текст ошибки:
         Страница не найдена | Файл: E:\OSPanel\domains\OnlineStore\vendor\ostore\core\Router.php | Строка: 43
==================
 [2020-01-29 17:31:07] Текст ошибки:
         Страница не найдена | Файл: E:\OSPanel\domains\OnlineStore\vendor\ostore\core\Router.php | Строка: 43
==================
 [2020-01-29 17:31:07] Текст ошибки:
         Страница не найдена | Файл: E:\OSPanel\domains\OnlineStore\vendor\ostore\core\Router.php | Строка: 43
==================
 [2020-01-29 17:31:07] Текст ошибки:
         Страница не найдена | Файл: E:\OSPanel\domains\OnlineStore\vendor\ostore\core\Router.php | Строка: 43
==================
 [2020-01-29 17:31:07] Текст ошибки:
         Страница не найдена | Файл: E:\OSPanel\domains\OnlineStore\vendor\ostore\core\Router.php | Строка: 43
==================
 [2020-01-29 17:31:07] Текст ошибки:
         Страница не найдена | Файл: E:\OSPanel\domains\OnlineStore\vendor\ostore\core\Router.php | Строка: 43
==================
 [2020-01-29 17:31:07] Текст ошибки:
         Страница не найдена | Файл: E:\OSPanel\domains\OnlineStore\vendor\ostore\core\Router.php | Строка: 43
==================
 [2020-01-29 17:32:26] Текст ошибки:
         Страница не найдена | Файл: E:\OSPanel\domains\OnlineStore\vendor\ostore\core\Router.php | Строка: 43
==================
 [2020-01-29 17:38:08] Текст ошибки:
         Страница не найдена | Файл: E:\OSPanel\domains\OnlineStore\vendor\ostore\core\Router.php | Строка: 43
==================
 [2020-01-29 17:39:01] Текст ошибки:
         Страница не найдена | Файл: E:\OSPanel\domains\OnlineStore\vendor\ostore\core\Router.php | Строка: 43
==================
 [2020-01-29 17:41:37] Текст ошибки:
         Страница не найдена | Файл: E:\OSPanel\domains\OnlineStore\vendor\ostore\core\Router.php | Строка: 43
==================
 [2020-01-29 17:47:17] Текст ошибки:
         Страница не найдена | Файл: E:\OSPanel\domains\OnlineStore\vendor\ostore\core\Router.php | Строка: 43
==================
 [2020-01-29 17:47:30] Текст ошибки:
         Страница не найдена | Файл: E:\OSPanel\domains\OnlineStore\vendor\ostore\core\Router.php | Строка: 43
==================
 [2020-01-29 17:52:28] Текст ошибки:
         Страница не найдена | Файл: E:\OSPanel\domains\OnlineStore\vendor\ostore\core\Router.php | Строка: 43
==================
 [2020-01-29 17:52:32] Текст ошибки:
         Страница не найдена | Файл: E:\OSPanel\domains\OnlineStore\vendor\ostore\core\Router.php | Строка: 43
==================
 [2020-01-29 17:52:39] Текст ошибки:
         Страница не найдена | Файл: E:\OSPanel\domains\OnlineStore\vendor\ostore\core\Router.php | Строка: 43
==================
 [2020-01-29 17:52:40] Текст ошибки:
         Страница не найдена | Файл: E:\OSPanel\domains\OnlineStore\vendor\ostore\core\Router.php | Строка: 43
==================
 [2020-01-29 17:52:41] Текст ошибки:
         Страница не найдена | Файл: E:\OSPanel\domains\OnlineStore\vendor\ostore\core\Router.php | Строка: 43
==================
 [2020-01-29 17:52:42] Текст ошибки:
         Страница не найдена | Файл: E:\OSPanel\domains\OnlineStore\vendor\ostore\core\Router.php | Строка: 43
==================
 [2020-01-29 17:52:42] Текст ошибки:
         Страница не найдена | Файл: E:\OSPanel\domains\OnlineStore\vendor\ostore\core\Router.php | Строка: 43
==================
 [2020-01-29 17:52:43] Текст ошибки:
         Страница не найдена | Файл: E:\OSPanel\domains\OnlineStore\vendor\ostore\core\Router.php | Строка: 43
==================
 [2020-01-29 18:01:19] Текст ошибки:
         Страница не найдена | Файл: E:\OSPanel\domains\OnlineStore\vendor\ostore\core\Router.php | Строка: 43
==================
 [2020-01-29 18:01:23] Текст ошибки:
         Страница не найдена | Файл: E:\OSPanel\domains\OnlineStore\vendor\ostore\core\Router.php | Строка: 43
==================
 [2020-01-29 18:01:25] Текст ошибки:
         Страница не найдена | Файл: E:\OSPanel\domains\OnlineStore\vendor\ostore\core\Router.php | Строка: 43
==================
 [2020-01-30 10:09:44] Текст ошибки:
         Страница не найдена | Файл: E:\OSPanel\domains\OnlineStore\vendor\ostore\core\Router.php | Строка: 43
==================
 [2020-01-30 10:09:47] Текст ошибки:
         Страница не найдена | Файл: E:\OSPanel\domains\OnlineStore\vendor\ostore\core\Router.php | Строка: 43
==================
 [2020-01-30 10:09:48] Текст ошибки:
         Страница не найдена | Файл: E:\OSPanel\domains\OnlineStore\vendor\ostore\core\Router.php | Строка: 43
==================
 [2020-01-30 10:09:59] Текст ошибки:
         Нет соединения с БД | Файл: E:\OSPanel\domains\OnlineStore\vendor\ostore\core\Db.php | Строка: 18
==================
 [2020-01-30 10:10:11] Текст ошибки:
         Страница не найдена | Файл: E:\OSPanel\domains\OnlineStore\vendor\ostore\core\Router.php | Строка: 43
==================
 [2020-01-30 10:20:43] Текст ошибки:
         syntax error, unexpected 'endif' (T_ENDIF), expecting end of file | Файл: E:\OSPanel\domains\OnlineStore\app\views\Main\index.php | Строка: 38
==================
 [2020-01-30 10:26:58] Текст ошибки:
         syntax error, unexpected 'endforeach' (T_ENDFOREACH), expecting end of file | Файл: E:\OSPanel\domains\OnlineStore\app\views\Main\index.php | Строка: 35
==================
 [2020-01-30 10:27:10] Текст ошибки:
         syntax error, unexpected 'endforeach' (T_ENDFOREACH), expecting end of file | Файл: E:\OSPanel\domains\OnlineStore\app\views\Main\index.php | Строка: 35
==================
 [2020-01-30 10:28:02] Текст ошибки:
         syntax error, unexpected 'endif' (T_ENDIF), expecting end of file | Файл: E:\OSPanel\domains\OnlineStore\app\views\Main\index.php | Строка: 40
==================
 [2020-01-30 10:28:03] Текст ошибки:
         syntax error, unexpected 'endif' (T_ENDIF), expecting end of file | Файл: E:\OSPanel\domains\OnlineStore\app\views\Main\index.php | Строка: 40
==================
 [2020-01-30 11:01:27] Текст ошибки:
         Страница не найдена | Файл: E:\OSPanel\domains\OnlineStore\vendor\ostore\core\Router.php | Строка: 43
==================
 [2020-01-30 11:03:08] Текст ошибки:
         Страница не найдена | Файл: E:\OSPanel\domains\OnlineStore\vendor\ostore\core\Router.php | Строка: 43
==================
 [2020-01-30 11:03:44] Текст ошибки:
         Страница не найдена | Файл: E:\OSPanel\domains\OnlineStore\vendor\ostore\core\Router.php | Строка: 43
==================
 [2020-01-30 11:04:26] Текст ошибки:
         Страница не найдена | Файл: E:\OSPanel\domains\OnlineStore\vendor\ostore\core\Router.php | Строка: 43
==================
 [2020-01-30 11:11:26] Текст ошибки:
         Страница не найдена | Файл: E:\OSPanel\domains\OnlineStore\vendor\ostore\core\Router.php | Строка: 43
==================
 [2020-01-30 11:12:17] Текст ошибки:
         Страница не найдена | Файл: E:\OSPanel\domains\OnlineStore\vendor\ostore\core\Router.php | Строка: 43
==================
 [2020-01-30 11:12:44] Текст ошибки:
         Страница не найдена | Файл: E:\OSPanel\domains\OnlineStore\vendor\ostore\core\Router.php | Строка: 43
==================
 [2020-01-30 11:13:26] Текст ошибки:
         Страница не найдена | Файл: E:\OSPanel\domains\OnlineStore\vendor\ostore\core\Router.php | Строка: 43
==================
 [2020-01-30 11:15:26] Текст ошибки:
         Страница не найдена | Файл: E:\OSPanel\domains\OnlineStore\vendor\ostore\core\Router.php | Строка: 43
==================
 [2020-01-30 11:19:31] Текст ошибки:
         Страница не найдена | Файл: E:\OSPanel\domains\OnlineStore\vendor\ostore\core\Router.php | Строка: 43
==================
 [2020-01-30 11:22:37] Текст ошибки:
         Страница не найдена | Файл: E:\OSPanel\domains\OnlineStore\vendor\ostore\core\Router.php | Строка: 43
==================
 [2020-01-30 11:22:38] Текст ошибки:
         Страница не найдена | Файл: E:\OSPanel\domains\OnlineStore\vendor\ostore\core\Router.php | Строка: 43
==================
 [2020-01-30 11:22:38] Текст ошибки:
         Страница не найдена | Файл: E:\OSPanel\domains\OnlineStore\vendor\ostore\core\Router.php | Строка: 43
==================
 [2020-01-30 11:22:38] Текст ошибки:
         Страница не найдена | Файл: E:\OSPanel\domains\OnlineStore\vendor\ostore\core\Router.php | Строка: 43
==================
 [2020-01-30 11:24:15] Текст ошибки:
         Страница не найдена | Файл: E:\OSPanel\domains\OnlineStore\vendor\ostore\core\Router.php | Строка: 43
==================
 [2020-01-30 11:24:18] Текст ошибки:
         Страница не найдена | Файл: E:\OSPanel\domains\OnlineStore\vendor\ostore\core\Router.php | Строка: 43
==================
 [2020-01-30 11:24:20] Текст ошибки:
         Страница не найдена | Файл: E:\OSPanel\domains\OnlineStore\vendor\ostore\core\Router.php | Строка: 43
==================
 [2020-01-30 11:24:39] Текст ошибки:
         Страница не найдена | Файл: E:\OSPanel\domains\OnlineStore\vendor\ostore\core\Router.php | Строка: 43
==================
 [2020-01-30 11:24:41] Текст ошибки:
         Контроллер app\controllers\CartController не найден | Файл: E:\OSPanel\domains\OnlineStore\vendor\ostore\core\Router.php | Строка: 40
==================
 [2020-01-30 11:24:45] Текст ошибки:
         Страница не найдена | Файл: E:\OSPanel\domains\OnlineStore\vendor\ostore\core\Router.php | Строка: 43
==================
 [2020-01-30 11:24:47] Текст ошибки:
         Контроллер app\controllers\CartController не найден | Файл: E:\OSPanel\domains\OnlineStore\vendor\ostore\core\Router.php | Строка: 40
==================
 [2020-01-30 11:51:29] Текст ошибки:
         Страница не найдена | Файл: E:\OSPanel\domains\OnlineStore\vendor\ostore\core\Router.php | Строка: 43
==================
 [2020-01-30 11:51:33] Текст ошибки:
         Страница не найдена | Файл: E:\OSPanel\domains\OnlineStore\vendor\ostore\core\Router.php | Строка: 43
==================
 [2020-01-30 12:41:30] Текст ошибки:
         Страница не найдена | Файл: E:\OSPanel\domains\OnlineStore\vendor\ostore\core\Router.php | Строка: 43
==================
 [2020-01-30 12:43:45] Текст ошибки:
         Too few arguments to function ostore\Registry::getProperty(), 0 passed in E:\OSPanel\domains\OnlineStore\app\controllers\AppController.php on line 19 and exactly 1 expected | Файл: E:\OSPanel\domains\OnlineStore\vendor\ostore\core\Registry.php | Строка: 17
==================
 [2020-01-30 12:44:06] Текст ошибки:
         Страница не найдена | Файл: E:\OSPanel\domains\OnlineStore\vendor\ostore\core\Router.php | Строка: 43
==================
 [2020-01-30 12:44:25] Текст ошибки:
         Страница не найдена | Файл: E:\OSPanel\domains\OnlineStore\vendor\ostore\core\Router.php | Строка: 43
==================
 [2020-01-30 12:44:26] Текст ошибки:
         Страница не найдена | Файл: E:\OSPanel\domains\OnlineStore\vendor\ostore\core\Router.php | Строка: 43
==================
 [2020-01-30 12:45:12] Текст ошибки:
         Страница не найдена | Файл: E:\OSPanel\domains\OnlineStore\vendor\ostore\core\Router.php | Строка: 43
==================
 [2020-01-30 12:45:20] Текст ошибки:
         Страница не найдена | Файл: E:\OSPanel\domains\OnlineStore\vendor\ostore\core\Router.php | Строка: 43
==================
 [2020-01-30 12:55:46] Текст ошибки:
         Страница не найдена | Файл: E:\OSPanel\domains\OnlineStore\vendor\ostore\core\Router.php | Строка: 43
==================
 [2020-01-30 13:56:05] Текст ошибки:
         Страница не найдена | Файл: E:\OSPanel\domains\OnlineStore\vendor\ostore\core\Router.php | Строка: 43
==================
 [2020-01-30 13:56:07] Текст ошибки:
         Страница не найдена | Файл: E:\OSPanel\domains\OnlineStore\vendor\ostore\core\Router.php | Строка: 43
==================
 [2020-01-30 13:56:09] Текст ошибки:
         Страница не найдена | Файл: E:\OSPanel\domains\OnlineStore\vendor\ostore\core\Router.php | Строка: 43
==================
 [2020-01-30 13:56:10] Текст ошибки:
         Контроллер app\controllers\PageController не найден | Файл: E:\OSPanel\domains\OnlineStore\vendor\ostore\core\Router.php | Строка: 40
==================
 [2020-01-30 13:56:11] Текст ошибки:
         Страница не найдена | Файл: E:\OSPanel\domains\OnlineStore\vendor\ostore\core\Router.php | Строка: 43
==================
 [2020-01-30 13:56:14] Текст ошибки:
         Страница не найдена | Файл: E:\OSPanel\domains\OnlineStore\vendor\ostore\core\Router.php | Строка: 43
==================
 [2020-01-30 13:56:23] Текст ошибки:
         Страница не найдена | Файл: E:\OSPanel\domains\OnlineStore\vendor\ostore\core\Router.php | Строка: 43
==================
 [2020-01-30 14:02:42] Текст ошибки:
         Страница не найдена | Файл: E:\OSPanel\domains\OnlineStore\vendor\ostore\core\Router.php | Строка: 43
==================
 [2020-01-30 14:02:50] Текст ошибки:
         Страница не найдена | Файл: E:\OSPanel\domains\OnlineStore\vendor\ostore\core\Router.php | Строка: 43
==================
 [2020-01-30 14:02:50] Текст ошибки:
         Страница не найдена | Файл: E:\OSPanel\domains\OnlineStore\vendor\ostore\core\Router.php | Строка: 43
==================
 [2020-01-30 14:02:50] Текст ошибки:
         Страница не найдена | Файл: E:\OSPanel\domains\OnlineStore\vendor\ostore\core\Router.php | Строка: 43
==================
 [2020-01-30 14:02:50] Текст ошибки:
         Страница не найдена | Файл: E:\OSPanel\domains\OnlineStore\vendor\ostore\core\Router.php | Строка: 43
==================
 [2020-01-30 14:03:12] Текст ошибки:
         Страница не найдена | Файл: E:\OSPanel\domains\OnlineStore\vendor\ostore\core\Router.php | Строка: 43
==================
 [2020-01-30 14:03:12] Текст ошибки:
         Страница не найдена | Файл: E:\OSPanel\domains\OnlineStore\vendor\ostore\core\Router.php | Строка: 43
==================
 [2020-01-30 14:08:59] Текст ошибки:
         Страница не найдена | Файл: E:\OSPanel\domains\OnlineStore\vendor\ostore\core\Router.php | Строка: 43
==================
 [2020-01-30 14:08:59] Текст ошибки:
         Страница не найдена | Файл: E:\OSPanel\domains\OnlineStore\vendor\ostore\core\Router.php | Строка: 43
==================
 [2020-01-30 14:11:24] Текст ошибки:
         Страница не найдена | Файл: E:\OSPanel\domains\OnlineStore\vendor\ostore\core\Router.php | Строка: 43
==================
 [2020-01-30 14:11:24] Текст ошибки:
         Страница не найдена | Файл: E:\OSPanel\domains\OnlineStore\vendor\ostore\core\Router.php | Строка: 43
==================
 [2020-01-30 14:11:26] Текст ошибки:
         Страница не найдена | Файл: E:\OSPanel\domains\OnlineStore\vendor\ostore\core\Router.php | Строка: 43
==================
 [2020-01-30 14:11:26] Текст ошибки:
         Страница не найдена | Файл: E:\OSPanel\domains\OnlineStore\vendor\ostore\core\Router.php | Строка: 43
==================
 [2020-01-30 14:50:00] Текст ошибки:
         Страница не найдена | Файл: E:\OSPanel\domains\OnlineStore\vendor\ostore\core\Router.php | Строка: 43
==================
 [2020-01-30 14:50:00] Текст ошибки:
         Страница не найдена | Файл: E:\OSPanel\domains\OnlineStore\vendor\ostore\core\Router.php | Строка: 43
==================
 [2020-01-30 14:50:38] Текст ошибки:
         Страница не найдена | Файл: E:\OSPanel\domains\OnlineStore\vendor\ostore\core\Router.php | Строка: 43
==================
 [2020-01-30 14:50:42] Текст ошибки:
         Страница не найдена | Файл: E:\OSPanel\domains\OnlineStore\vendor\ostore\core\Router.php | Строка: 43
==================
 [2020-01-30 14:50:56] Текст ошибки:
         Страница не найдена | Файл: E:\OSPanel\domains\OnlineStore\vendor\ostore\core\Router.php | Строка: 43
==================
 [2020-01-30 14:50:57] Текст ошибки:
         Страница не найдена | Файл: E:\OSPanel\domains\OnlineStore\vendor\ostore\core\Router.php | Строка: 43
==================
 [2020-01-30 14:51:29] Текст ошибки:
         Страница не найдена | Файл: E:\OSPanel\domains\OnlineStore\vendor\ostore\core\Router.php | Строка: 43
==================
 [2020-01-30 14:51:29] Текст ошибки:
         Страница не найдена | Файл: E:\OSPanel\domains\OnlineStore\vendor\ostore\core\Router.php | Строка: 43
==================
 [2020-01-30 14:51:30] Текст ошибки:
         Страница не найдена | Файл: E:\OSPanel\domains\OnlineStore\vendor\ostore\core\Router.php | Строка: 43
==================
 [2020-01-30 14:51:30] Текст ошибки:
         Страница не найдена | Файл: E:\OSPanel\domains\OnlineStore\vendor\ostore\core\Router.php | Строка: 43
==================
 [2020-01-30 14:51:41] Текст ошибки:
         Страница не найдена | Файл: E:\OSPanel\domains\OnlineStore\vendor\ostore\core\Router.php | Строка: 43
==================
 [2020-01-30 14:51:41] Текст ошибки:
         Страница не найдена | Файл: E:\OSPanel\domains\OnlineStore\vendor\ostore\core\Router.php | Строка: 43
==================
 [2020-01-30 14:51:41] Текст ошибки:
         Страница не найдена | Файл: E:\OSPanel\domains\OnlineStore\vendor\ostore\core\Router.php | Строка: 43
==================
 [2020-01-30 14:51:42] Текст ошибки:
         Страница не найдена | Файл: E:\OSPanel\domains\OnlineStore\vendor\ostore\core\Router.php | Строка: 43
==================
 [2020-01-30 14:54:25] Текст ошибки:
         Страница не найдена | Файл: E:\OSPanel\domains\OnlineStore\vendor\ostore\core\Router.php | Строка: 43
==================
 [2020-01-30 14:54:25] Текст ошибки:
         Страница не найдена | Файл: E:\OSPanel\domains\OnlineStore\vendor\ostore\core\Router.php | Строка: 43
==================
 [2020-01-30 14:55:08] Текст ошибки:
         Страница не найдена | Файл: E:\OSPanel\domains\OnlineStore\vendor\ostore\core\Router.php | Строка: 43
==================
 [2020-01-30 16:18:20] Текст ошибки:
         Страница не найдена | Файл: E:\OSPanel\domains\OnlineStore\vendor\ostore\core\Router.php | Строка: 43
==================
 [2020-01-30 16:18:28] Текст ошибки:
         Страница не найдена | Файл: E:\OSPanel\domains\OnlineStore\vendor\ostore\core\Router.php | Строка: 43
==================
 [2020-01-30 16:18:29] Текст ошибки:
         Страница не найдена | Файл: E:\OSPanel\domains\OnlineStore\vendor\ostore\core\Router.php | Строка: 43
==================
 [2020-01-30 16:18:32] Текст ошибки:
         Страница не найдена | Файл: E:\OSPanel\domains\OnlineStore\vendor\ostore\core\Router.php | Строка: 43
==================
 [2020-01-30 16:18:39] Текст ошибки:
         Страница не найдена | Файл: E:\OSPanel\domains\OnlineStore\vendor\ostore\core\Router.php | Строка: 43
==================
 [2020-01-30 16:18:41] Текст ошибки:
         Страница не найдена | Файл: E:\OSPanel\domains\OnlineStore\vendor\ostore\core\Router.php | Строка: 43
==================
 [2020-01-30 16:18:44] Текст ошибки:
         Страница не найдена | Файл: E:\OSPanel\domains\OnlineStore\vendor\ostore\core\Router.php | Строка: 43
==================
 [2020-01-30 16:18:48] Текст ошибки:
         Страница не найдена | Файл: E:\OSPanel\domains\OnlineStore\vendor\ostore\core\Router.php | Строка: 43
==================
 [2020-01-30 16:19:11] Текст ошибки:
         Страница не найдена | Файл: E:\OSPanel\domains\OnlineStore\vendor\ostore\core\Router.php | Строка: 43
==================
 [2020-01-30 16:19:12] Текст ошибки:
         Страница не найдена | Файл: E:\OSPanel\domains\OnlineStore\vendor\ostore\core\Router.php | Строка: 43
==================
 [2020-01-30 16:19:13] Текст ошибки:
         Страница не найдена | Файл: E:\OSPanel\domains\OnlineStore\vendor\ostore\core\Router.php | Строка: 43
==================
 [2020-01-30 16:19:18] Текст ошибки:
         Страница не найдена | Файл: E:\OSPanel\domains\OnlineStore\vendor\ostore\core\Router.php | Строка: 43
==================
 [2020-01-30 16:20:31] Текст ошибки:
         Страница не найдена | Файл: E:\OSPanel\domains\OnlineStore\vendor\ostore\core\Router.php | Строка: 43
==================
 [2020-01-30 16:22:06] Текст ошибки:
         Страница не найдена | Файл: E:\OSPanel\domains\OnlineStore\vendor\ostore\core\Router.php | Строка: 43
==================
 